{"/Users/liam/code/JupitersLB/EnumeDate/src/components/JLBButton.tsx": {"path":"/Users/liam/code/JupitersLB/EnumeDate/src/components/JLBButton.tsx","statementMap":{"0":{"start":{"line":15,"column":5},"end":{"line":66,"column":1}},"1":{"start":{"line":16,"column":19},"end":{"line":16,"column":32}},"2":{"start":{"line":18,"column":18},"end":{"line":37,"column":4}},"3":{"start":{"line":39,"column":20},"end":{"line":44,"column":4}},"4":{"start":{"line":46,"column":18},"end":{"line":49,"column":4}},"5":{"start":{"line":51,"column":2},"end":{"line":65,"column":3}}},"fnMap":{"0":{"name":"(anonymous_0)","decl":{"start":{"line":15,"column":5},"end":{"line":15,"column":6}},"loc":{"start":{"line":15,"column":70},"end":{"line":66,"column":1}},"line":15}},"branchMap":{"0":{"loc":{"start":{"line":19,"column":18},"end":{"line":19,"column":70}},"type":"binary-expr","locations":[{"start":{"line":19,"column":18},"end":{"line":19,"column":34}},{"start":{"line":19,"column":38},"end":{"line":19,"column":57}},{"start":{"line":19,"column":61},"end":{"line":19,"column":70}}],"line":19},"1":{"loc":{"start":{"line":21,"column":6},"end":{"line":21,"column":60}},"type":"binary-expr","locations":[{"start":{"line":21,"column":6},"end":{"line":21,"column":24}},{"start":{"line":21,"column":28},"end":{"line":21,"column":47}},{"start":{"line":21,"column":51},"end":{"line":21,"column":60}}],"line":21},"2":{"loc":{"start":{"line":22,"column":24},"end":{"line":22,"column":75}},"type":"binary-expr","locations":[{"start":{"line":22,"column":24},"end":{"line":22,"column":40}},{"start":{"line":22,"column":44},"end":{"line":22,"column":63}},{"start":{"line":22,"column":67},"end":{"line":22,"column":75}}],"line":22},"3":{"loc":{"start":{"line":24,"column":6},"end":{"line":24,"column":59}},"type":"binary-expr","locations":[{"start":{"line":24,"column":6},"end":{"line":24,"column":24}},{"start":{"line":24,"column":28},"end":{"line":24,"column":47}},{"start":{"line":24,"column":51},"end":{"line":24,"column":59}}],"line":24},"4":{"loc":{"start":{"line":26,"column":20},"end":{"line":26,"column":73}},"type":"binary-expr","locations":[{"start":{"line":26,"column":20},"end":{"line":26,"column":36}},{"start":{"line":26,"column":40},"end":{"line":26,"column":61}},{"start":{"line":26,"column":65},"end":{"line":26,"column":73}}],"line":26},"5":{"loc":{"start":{"line":28,"column":6},"end":{"line":28,"column":61}},"type":"binary-expr","locations":[{"start":{"line":28,"column":6},"end":{"line":28,"column":24}},{"start":{"line":28,"column":28},"end":{"line":28,"column":49}},{"start":{"line":28,"column":53},"end":{"line":28,"column":61}}],"line":28},"6":{"loc":{"start":{"line":30,"column":6},"end":{"line":30,"column":60}},"type":"binary-expr","locations":[{"start":{"line":30,"column":6},"end":{"line":30,"column":22}},{"start":{"line":30,"column":26},"end":{"line":30,"column":47}},{"start":{"line":30,"column":51},"end":{"line":30,"column":60}}],"line":30},"7":{"loc":{"start":{"line":32,"column":6},"end":{"line":32,"column":62}},"type":"binary-expr","locations":[{"start":{"line":32,"column":6},"end":{"line":32,"column":24}},{"start":{"line":32,"column":28},"end":{"line":32,"column":49}},{"start":{"line":32,"column":53},"end":{"line":32,"column":62}}],"line":32},"8":{"loc":{"start":{"line":34,"column":17},"end":{"line":34,"column":55}},"type":"binary-expr","locations":[{"start":{"line":34,"column":17},"end":{"line":34,"column":33}},{"start":{"line":34,"column":37},"end":{"line":34,"column":55}}],"line":34},"9":{"loc":{"start":{"line":36,"column":6},"end":{"line":36,"column":46}},"type":"binary-expr","locations":[{"start":{"line":36,"column":6},"end":{"line":36,"column":24}},{"start":{"line":36,"column":28},"end":{"line":36,"column":46}}],"line":36},"10":{"loc":{"start":{"line":41,"column":20},"end":{"line":41,"column":61}},"type":"binary-expr","locations":[{"start":{"line":41,"column":20},"end":{"line":41,"column":38}},{"start":{"line":41,"column":42},"end":{"line":41,"column":61}}],"line":41},"11":{"loc":{"start":{"line":42,"column":22},"end":{"line":42,"column":65}},"type":"binary-expr","locations":[{"start":{"line":42,"column":22},"end":{"line":42,"column":40}},{"start":{"line":42,"column":44},"end":{"line":42,"column":65}}],"line":42},"12":{"loc":{"start":{"line":43,"column":19},"end":{"line":43,"column":59}},"type":"binary-expr","locations":[{"start":{"line":43,"column":19},"end":{"line":43,"column":37}},{"start":{"line":43,"column":41},"end":{"line":43,"column":59}}],"line":43},"13":{"loc":{"start":{"line":58,"column":10},"end":{"line":58,"column":28}},"type":"cond-expr","locations":[{"start":{"line":58,"column":18},"end":{"line":58,"column":23}},{"start":{"line":58,"column":26},"end":{"line":58,"column":28}}],"line":58}},"s":{"0":1,"1":1,"2":1,"3":1,"4":1,"5":1},"f":{"0":1},"b":{"0":[1,0,0],"1":[1,1,1],"2":[1,0,0],"3":[1,1,1],"4":[1,0,0],"5":[1,1,0],"6":[1,0,0],"7":[1,1,0],"8":[1,0],"9":[1,1],"10":[1,1],"11":[1,1],"12":[1,1],"13":[0,1]},"_coverageSchema":"1a1c01bbd47fc00a2c39e90264f33305004495a9","hash":"0c7a5f9c15f4b9353531af72b28128c9ce3408ab"}
,"/Users/liam/code/JupitersLB/EnumeDate/src/components/JLBDropdown.tsx": {"path":"/Users/liam/code/JupitersLB/EnumeDate/src/components/JLBDropdown.tsx","statementMap":{"0":{"start":{"line":21,"column":5},"end":{"line":109,"column":1}},"1":{"start":{"line":31,"column":34},"end":{"line":31,"column":49}},"2":{"start":{"line":32,"column":44},"end":{"line":35,"column":17}},"3":{"start":{"line":36,"column":19},"end":{"line":36,"column":32}},"4":{"start":{"line":37,"column":16},"end":{"line":37,"column":32}},"5":{"start":{"line":38,"column":22},"end":{"line":38,"column":39}},"6":{"start":{"line":40,"column":2},"end":{"line":42,"column":20}},"7":{"start":{"line":41,"column":4},"end":{"line":41,"column":52}},"8":{"start":{"line":41,"column":22},"end":{"line":41,"column":52}},"9":{"start":{"line":44,"column":2},"end":{"line":46,"column":21}},"10":{"start":{"line":45,"column":4},"end":{"line":45,"column":34}},"11":{"start":{"line":48,"column":18},"end":{"line":50,"column":3}},"12":{"start":{"line":49,"column":4},"end":{"line":49,"column":49}},"13":{"start":{"line":52,"column":2},"end":{"line":108,"column":3}},"14":{"start":{"line":67,"column":14},"end":{"line":89,"column":33}},"15":{"start":{"line":69,"column":31},"end":{"line":69,"column":47}}},"fnMap":{"0":{"name":"(anonymous_0)","decl":{"start":{"line":21,"column":5},"end":{"line":21,"column":6}},"loc":{"start":{"line":30,"column":6},"end":{"line":109,"column":1}},"line":30},"1":{"name":"(anonymous_1)","decl":{"start":{"line":40,"column":12},"end":{"line":40,"column":13}},"loc":{"start":{"line":40,"column":18},"end":{"line":42,"column":3}},"line":40},"2":{"name":"(anonymous_2)","decl":{"start":{"line":44,"column":12},"end":{"line":44,"column":13}},"loc":{"start":{"line":44,"column":18},"end":{"line":46,"column":3}},"line":44},"3":{"name":"(anonymous_3)","decl":{"start":{"line":48,"column":18},"end":{"line":48,"column":19}},"loc":{"start":{"line":48,"column":24},"end":{"line":50,"column":3}},"line":48},"4":{"name":"(anonymous_4)","decl":{"start":{"line":66,"column":20},"end":{"line":66,"column":21}},"loc":{"start":{"line":67,"column":14},"end":{"line":89,"column":33}},"line":67},"5":{"name":"(anonymous_5)","decl":{"start":{"line":69,"column":25},"end":{"line":69,"column":26}},"loc":{"start":{"line":69,"column":31},"end":{"line":69,"column":47}},"line":69}},"branchMap":{"0":{"loc":{"start":{"line":41,"column":4},"end":{"line":41,"column":52}},"type":"if","locations":[{"start":{"line":41,"column":4},"end":{"line":41,"column":52}},{"start":{},"end":{}}],"line":41},"1":{"loc":{"start":{"line":73,"column":22},"end":{"line":73,"column":46}},"type":"cond-expr","locations":[{"start":{"line":73,"column":30},"end":{"line":73,"column":32}},{"start":{"line":73,"column":35},"end":{"line":73,"column":46}}],"line":73},"2":{"loc":{"start":{"line":76,"column":21},"end":{"line":76,"column":48}},"type":"binary-expr","locations":[{"start":{"line":76,"column":21},"end":{"line":76,"column":33}},{"start":{"line":76,"column":37},"end":{"line":76,"column":48}}],"line":76},"3":{"loc":{"start":{"line":78,"column":17},"end":{"line":88,"column":17}},"type":"cond-expr","locations":[{"start":{"line":79,"column":18},"end":{"line":85,"column":37}},{"start":{"line":87,"column":18},"end":{"line":87,"column":72}}],"line":78}},"s":{"0":1,"1":0,"2":0,"3":0,"4":0,"5":0,"6":0,"7":0,"8":0,"9":0,"10":0,"11":0,"12":0,"13":0,"14":0,"15":0},"f":{"0":0,"1":0,"2":0,"3":0,"4":0,"5":0},"b":{"0":[0,0],"1":[0,0],"2":[0,0],"3":[0,0]},"_coverageSchema":"1a1c01bbd47fc00a2c39e90264f33305004495a9","hash":"82f4794bc843206e7c9786190e4815a50284f181"}
,"/Users/liam/code/JupitersLB/EnumeDate/src/components/JLBInput.tsx": {"path":"/Users/liam/code/JupitersLB/EnumeDate/src/components/JLBInput.tsx","statementMap":{"0":{"start":{"line":15,"column":5},"end":{"line":67,"column":1}},"1":{"start":{"line":16,"column":16},"end":{"line":16,"column":32}},"2":{"start":{"line":17,"column":19},"end":{"line":17,"column":32}},"3":{"start":{"line":18,"column":22},"end":{"line":18,"column":39}},"4":{"start":{"line":20,"column":2},"end":{"line":66,"column":3}},"5":{"start":{"line":34,"column":12},"end":{"line":57,"column":19}},"6":{"start":{"line":37,"column":39},"end":{"line":37,"column":52}},"7":{"start":{"line":42,"column":18},"end":{"line":45,"column":22}},"8":{"start":{"line":43,"column":20},"end":{"line":45,"column":22}},"9":{"start":{"line":48,"column":18},"end":{"line":51,"column":22}},"10":{"start":{"line":49,"column":20},"end":{"line":51,"column":22}}},"fnMap":{"0":{"name":"(anonymous_0)","decl":{"start":{"line":15,"column":5},"end":{"line":15,"column":6}},"loc":{"start":{"line":15,"column":60},"end":{"line":67,"column":1}},"line":15},"1":{"name":"(anonymous_1)","decl":{"start":{"line":33,"column":18},"end":{"line":33,"column":19}},"loc":{"start":{"line":34,"column":12},"end":{"line":57,"column":19}},"line":34},"2":{"name":"(anonymous_2)","decl":{"start":{"line":37,"column":30},"end":{"line":37,"column":31}},"loc":{"start":{"line":37,"column":39},"end":{"line":37,"column":52}},"line":37},"3":{"name":"(anonymous_3)","decl":{"start":{"line":41,"column":24},"end":{"line":41,"column":25}},"loc":{"start":{"line":41,"column":30},"end":{"line":46,"column":17}},"line":41},"4":{"name":"(anonymous_4)","decl":{"start":{"line":47,"column":25},"end":{"line":47,"column":26}},"loc":{"start":{"line":47,"column":31},"end":{"line":52,"column":17}},"line":47}},"branchMap":{"0":{"loc":{"start":{"line":42,"column":18},"end":{"line":45,"column":22}},"type":"if","locations":[{"start":{"line":42,"column":18},"end":{"line":45,"column":22}},{"start":{},"end":{}}],"line":42},"1":{"loc":{"start":{"line":48,"column":18},"end":{"line":51,"column":22}},"type":"if","locations":[{"start":{"line":48,"column":18},"end":{"line":51,"column":22}},{"start":{},"end":{}}],"line":48},"2":{"loc":{"start":{"line":64,"column":7},"end":{"line":64,"column":74}},"type":"binary-expr","locations":[{"start":{"line":64,"column":7},"end":{"line":64,"column":31}},{"start":{"line":64,"column":35},"end":{"line":64,"column":74}}],"line":64}},"s":{"0":1,"1":0,"2":0,"3":0,"4":0,"5":0,"6":0,"7":0,"8":0,"9":0,"10":0},"f":{"0":0,"1":0,"2":0,"3":0,"4":0},"b":{"0":[0,0],"1":[0,0],"2":[0,0]},"_coverageSchema":"1a1c01bbd47fc00a2c39e90264f33305004495a9","hash":"a89a008e3694ca89e8294e3404ce19a3667b4d40"}
,"/Users/liam/code/JupitersLB/EnumeDate/src/components/JLBModal.tsx": {"path":"/Users/liam/code/JupitersLB/EnumeDate/src/components/JLBModal.tsx","statementMap":{"0":{"start":{"line":10,"column":5},"end":{"line":22,"column":1}},"1":{"start":{"line":11,"column":19},"end":{"line":11,"column":32}},"2":{"start":{"line":13,"column":2},"end":{"line":21,"column":3}}},"fnMap":{"0":{"name":"(anonymous_0)","decl":{"start":{"line":10,"column":5},"end":{"line":10,"column":6}},"loc":{"start":{"line":10,"column":41},"end":{"line":22,"column":1}},"line":10}},"branchMap":{"0":{"loc":{"start":{"line":18,"column":22},"end":{"line":18,"column":33}},"type":"binary-expr","locations":[{"start":{"line":18,"column":22},"end":{"line":18,"column":27}},{"start":{"line":18,"column":31},"end":{"line":18,"column":33}}],"line":18}},"s":{"0":1,"1":0,"2":0},"f":{"0":0},"b":{"0":[0,0]},"_coverageSchema":"1a1c01bbd47fc00a2c39e90264f33305004495a9","hash":"a564c3e7c5b49fc5d91680f88c43b07dc8e6390a"}
,"/Users/liam/code/JupitersLB/EnumeDate/src/components/texts.tsx": {"path":"/Users/liam/code/JupitersLB/EnumeDate/src/components/texts.tsx","statementMap":{"0":{"start":{"line":5,"column":38},"end":{"line":11,"column":1}},"1":{"start":{"line":6,"column":2},"end":{"line":10,"column":3}},"2":{"start":{"line":13,"column":38},"end":{"line":22,"column":1}},"3":{"start":{"line":14,"column":19},"end":{"line":14,"column":32}},"4":{"start":{"line":15,"column":2},"end":{"line":21,"column":3}},"5":{"start":{"line":24,"column":36},"end":{"line":37,"column":1}},"6":{"start":{"line":25,"column":19},"end":{"line":25,"column":32}},"7":{"start":{"line":27,"column":2},"end":{"line":36,"column":3}},"8":{"start":{"line":39,"column":40},"end":{"line":49,"column":1}},"9":{"start":{"line":40,"column":19},"end":{"line":40,"column":32}},"10":{"start":{"line":42,"column":2},"end":{"line":48,"column":3}}},"fnMap":{"0":{"name":"(anonymous_0)","decl":{"start":{"line":5,"column":38},"end":{"line":5,"column":39}},"loc":{"start":{"line":5,"column":74},"end":{"line":11,"column":1}},"line":5},"1":{"name":"(anonymous_1)","decl":{"start":{"line":13,"column":38},"end":{"line":13,"column":39}},"loc":{"start":{"line":13,"column":74},"end":{"line":22,"column":1}},"line":13},"2":{"name":"(anonymous_2)","decl":{"start":{"line":24,"column":36},"end":{"line":24,"column":37}},"loc":{"start":{"line":24,"column":72},"end":{"line":37,"column":1}},"line":24},"3":{"name":"(anonymous_3)","decl":{"start":{"line":39,"column":40},"end":{"line":39,"column":41}},"loc":{"start":{"line":39,"column":76},"end":{"line":49,"column":1}},"line":39}},"branchMap":{},"s":{"0":1,"1":1,"2":1,"3":1,"4":1,"5":1,"6":0,"7":0,"8":1,"9":0,"10":0},"f":{"0":1,"1":1,"2":0,"3":0},"b":{},"_coverageSchema":"1a1c01bbd47fc00a2c39e90264f33305004495a9","hash":"64039c410febd8efeb9ea81395bfaa4e580b7186"}
,"/Users/liam/code/JupitersLB/EnumeDate/src/components/cards/eventCard.tsx": {"path":"/Users/liam/code/JupitersLB/EnumeDate/src/components/cards/eventCard.tsx","statementMap":{"0":{"start":{"line":12,"column":78},"end":{"line":53,"column":1}},"1":{"start":{"line":17,"column":19},"end":{"line":17,"column":32}},"2":{"start":{"line":18,"column":16},"end":{"line":18,"column":32}},"3":{"start":{"line":19,"column":42},"end":{"line":19,"column":57}},"4":{"start":{"line":21,"column":2},"end":{"line":52,"column":3}},"5":{"start":{"line":23,"column":21},"end":{"line":23,"column":67}}},"fnMap":{"0":{"name":"(anonymous_0)","decl":{"start":{"line":12,"column":78},"end":{"line":12,"column":79}},"loc":{"start":{"line":16,"column":6},"end":{"line":53,"column":1}},"line":16},"1":{"name":"(anonymous_1)","decl":{"start":{"line":23,"column":15},"end":{"line":23,"column":16}},"loc":{"start":{"line":23,"column":21},"end":{"line":23,"column":67}},"line":23}},"branchMap":{"0":{"loc":{"start":{"line":26,"column":42},"end":{"line":26,"column":76}},"type":"cond-expr","locations":[{"start":{"line":26,"column":53},"end":{"line":26,"column":71}},{"start":{"line":26,"column":74},"end":{"line":26,"column":76}}],"line":26}},"s":{"0":1,"1":0,"2":0,"3":0,"4":0,"5":0},"f":{"0":0,"1":0},"b":{"0":[0,0]},"_coverageSchema":"1a1c01bbd47fc00a2c39e90264f33305004495a9","hash":"de43dea43450b830a1b85b6e194489f4fea208fa"}
,"/Users/liam/code/JupitersLB/EnumeDate/src/components/dropdown/dropdownCalendar.tsx": {"path":"/Users/liam/code/JupitersLB/EnumeDate/src/components/dropdown/dropdownCalendar.tsx","statementMap":{"0":{"start":{"line":20,"column":5},"end":{"line":45,"column":1}},"1":{"start":{"line":21,"column":19},"end":{"line":21,"column":32}},"2":{"start":{"line":23,"column":18},"end":{"line":23,"column":64}},"3":{"start":{"line":25,"column":19},"end":{"line":25,"column":59}},"4":{"start":{"line":27,"column":2},"end":{"line":44,"column":3}},"5":{"start":{"line":29,"column":21},"end":{"line":29,"column":46}},"6":{"start":{"line":47,"column":23},"end":{"line":62,"column":1}},"7":{"start":{"line":48,"column":19},"end":{"line":48,"column":32}},"8":{"start":{"line":49,"column":24},"end":{"line":49,"column":52}},"9":{"start":{"line":51,"column":2},"end":{"line":61,"column":3}},"10":{"start":{"line":54,"column":8},"end":{"line":58,"column":16}},"11":{"start":{"line":70,"column":5},"end":{"line":112,"column":1}},"12":{"start":{"line":71,"column":19},"end":{"line":71,"column":32}},"13":{"start":{"line":72,"column":24},"end":{"line":72,"column":52}},"14":{"start":{"line":74,"column":15},"end":{"line":74,"column":61}},"15":{"start":{"line":75,"column":22},"end":{"line":75,"column":38}},"16":{"start":{"line":76,"column":19},"end":{"line":76,"column":48}},"17":{"start":{"line":77,"column":15},"end":{"line":77,"column":63}},"18":{"start":{"line":77,"column":57},"end":{"line":77,"column":62}},"19":{"start":{"line":79,"column":25},"end":{"line":79,"column":74}},"20":{"start":{"line":81,"column":2},"end":{"line":111,"column":3}},"21":{"start":{"line":85,"column":10},"end":{"line":108,"column":11}},"22":{"start":{"line":118,"column":5},"end":{"line":210,"column":1}},"23":{"start":{"line":119,"column":24},"end":{"line":119,"column":52}},"24":{"start":{"line":120,"column":16},"end":{"line":120,"column":32}},"25":{"start":{"line":121,"column":26},"end":{"line":121,"column":57}},"26":{"start":{"line":122,"column":28},"end":{"line":122,"column":58}},"27":{"start":{"line":123,"column":26},"end":{"line":123,"column":55}},"28":{"start":{"line":125,"column":2},"end":{"line":132,"column":8}},"29":{"start":{"line":126,"column":4},"end":{"line":131,"column":5}},"30":{"start":{"line":127,"column":23},"end":{"line":127,"column":59}},"31":{"start":{"line":128,"column":6},"end":{"line":128,"column":23}},"32":{"start":{"line":129,"column":6},"end":{"line":129,"column":30}},"33":{"start":{"line":130,"column":6},"end":{"line":130,"column":28}},"34":{"start":{"line":134,"column":34},"end":{"line":134,"column":63}},"35":{"start":{"line":135,"column":19},"end":{"line":135,"column":32}},"36":{"start":{"line":137,"column":20},"end":{"line":144,"column":3}},"37":{"start":{"line":138,"column":19},"end":{"line":138,"column":28}},"38":{"start":{"line":139,"column":4},"end":{"line":142,"column":5}},"39":{"start":{"line":140,"column":6},"end":{"line":140,"column":18}},"40":{"start":{"line":141,"column":6},"end":{"line":141,"column":23}},"41":{"start":{"line":143,"column":4},"end":{"line":143,"column":22}},"42":{"start":{"line":146,"column":22},"end":{"line":153,"column":3}},"43":{"start":{"line":147,"column":19},"end":{"line":147,"column":28}},"44":{"start":{"line":148,"column":4},"end":{"line":151,"column":5}},"45":{"start":{"line":149,"column":6},"end":{"line":149,"column":19}},"46":{"start":{"line":150,"column":6},"end":{"line":150,"column":23}},"47":{"start":{"line":152,"column":4},"end":{"line":152,"column":22}},"48":{"start":{"line":155,"column":20},"end":{"line":164,"column":3}},"49":{"start":{"line":156,"column":4},"end":{"line":162,"column":8}},"50":{"start":{"line":163,"column":4},"end":{"line":163,"column":21}},"51":{"start":{"line":166,"column":2},"end":{"line":209,"column":3}},"52":{"start":{"line":182,"column":33},"end":{"line":182,"column":76}}},"fnMap":{"0":{"name":"(anonymous_0)","decl":{"start":{"line":20,"column":5},"end":{"line":20,"column":6}},"loc":{"start":{"line":20,"column":69},"end":{"line":45,"column":1}},"line":20},"1":{"name":"(anonymous_1)","decl":{"start":{"line":29,"column":15},"end":{"line":29,"column":16}},"loc":{"start":{"line":29,"column":21},"end":{"line":29,"column":46}},"line":29},"2":{"name":"(anonymous_2)","decl":{"start":{"line":47,"column":23},"end":{"line":47,"column":24}},"loc":{"start":{"line":47,"column":31},"end":{"line":62,"column":1}},"line":47},"3":{"name":"(anonymous_3)","decl":{"start":{"line":53,"column":32},"end":{"line":53,"column":33}},"loc":{"start":{"line":54,"column":8},"end":{"line":58,"column":16}},"line":54},"4":{"name":"(anonymous_4)","decl":{"start":{"line":70,"column":5},"end":{"line":70,"column":6}},"loc":{"start":{"line":70,"column":67},"end":{"line":112,"column":1}},"line":70},"5":{"name":"(anonymous_5)","decl":{"start":{"line":77,"column":50},"end":{"line":77,"column":51}},"loc":{"start":{"line":77,"column":57},"end":{"line":77,"column":62}},"line":77},"6":{"name":"(anonymous_6)","decl":{"start":{"line":84,"column":8},"end":{"line":84,"column":9}},"loc":{"start":{"line":85,"column":10},"end":{"line":108,"column":11}},"line":85},"7":{"name":"(anonymous_7)","decl":{"start":{"line":118,"column":5},"end":{"line":118,"column":6}},"loc":{"start":{"line":118,"column":57},"end":{"line":210,"column":1}},"line":118},"8":{"name":"(anonymous_8)","decl":{"start":{"line":125,"column":12},"end":{"line":125,"column":13}},"loc":{"start":{"line":125,"column":18},"end":{"line":132,"column":3}},"line":125},"9":{"name":"(anonymous_9)","decl":{"start":{"line":137,"column":20},"end":{"line":137,"column":21}},"loc":{"start":{"line":137,"column":26},"end":{"line":144,"column":3}},"line":137},"10":{"name":"(anonymous_10)","decl":{"start":{"line":146,"column":22},"end":{"line":146,"column":23}},"loc":{"start":{"line":146,"column":28},"end":{"line":153,"column":3}},"line":146},"11":{"name":"(anonymous_11)","decl":{"start":{"line":155,"column":20},"end":{"line":155,"column":21}},"loc":{"start":{"line":155,"column":26},"end":{"line":164,"column":3}},"line":155},"12":{"name":"(anonymous_12)","decl":{"start":{"line":182,"column":22},"end":{"line":182,"column":23}},"loc":{"start":{"line":182,"column":33},"end":{"line":182,"column":76}},"line":182}},"branchMap":{"0":{"loc":{"start":{"line":25,"column":19},"end":{"line":25,"column":59}},"type":"cond-expr","locations":[{"start":{"line":25,"column":40},"end":{"line":25,"column":48}},{"start":{"line":25,"column":51},"end":{"line":25,"column":59}}],"line":25},"1":{"loc":{"start":{"line":32,"column":10},"end":{"line":32,"column":78}},"type":"cond-expr","locations":[{"start":{"line":32,"column":31},"end":{"line":32,"column":53}},{"start":{"line":32,"column":56},"end":{"line":32,"column":78}}],"line":32},"2":{"loc":{"start":{"line":38,"column":12},"end":{"line":38,"column":56}},"type":"cond-expr","locations":[{"start":{"line":38,"column":37},"end":{"line":38,"column":51}},{"start":{"line":38,"column":54},"end":{"line":38,"column":56}}],"line":38},"3":{"loc":{"start":{"line":38,"column":12},"end":{"line":38,"column":34}},"type":"binary-expr","locations":[{"start":{"line":38,"column":12},"end":{"line":38,"column":19}},{"start":{"line":38,"column":23},"end":{"line":38,"column":34}}],"line":38},"4":{"loc":{"start":{"line":39,"column":14},"end":{"line":39,"column":44}},"type":"cond-expr","locations":[{"start":{"line":39,"column":27},"end":{"line":39,"column":39}},{"start":{"line":39,"column":42},"end":{"line":39,"column":44}}],"line":39},"5":{"loc":{"start":{"line":56,"column":23},"end":{"line":56,"column":61}},"type":"binary-expr","locations":[{"start":{"line":56,"column":23},"end":{"line":56,"column":53}},{"start":{"line":56,"column":57},"end":{"line":56,"column":61}}],"line":56},"6":{"loc":{"start":{"line":79,"column":25},"end":{"line":79,"column":74}},"type":"binary-expr","locations":[{"start":{"line":79,"column":25},"end":{"line":79,"column":33}},{"start":{"line":79,"column":37},"end":{"line":79,"column":74}}],"line":79},"7":{"loc":{"start":{"line":85,"column":10},"end":{"line":108,"column":11}},"type":"binary-expr","locations":[{"start":{"line":85,"column":10},"end":{"line":85,"column":24}},{"start":{"line":86,"column":12},"end":{"line":107,"column":14}}],"line":85},"8":{"loc":{"start":{"line":90,"column":16},"end":{"line":92,"column":43}},"type":"binary-expr","locations":[{"start":{"line":90,"column":16},"end":{"line":90,"column":39}},{"start":{"line":91,"column":16},"end":{"line":91,"column":45}},{"start":{"line":92,"column":16},"end":{"line":92,"column":43}}],"line":90},"9":{"loc":{"start":{"line":126,"column":4},"end":{"line":131,"column":5}},"type":"if","locations":[{"start":{"line":126,"column":4},"end":{"line":131,"column":5}},{"start":{},"end":{}}],"line":126},"10":{"loc":{"start":{"line":139,"column":4},"end":{"line":142,"column":5}},"type":"if","locations":[{"start":{"line":139,"column":4},"end":{"line":142,"column":5}},{"start":{},"end":{}}],"line":139},"11":{"loc":{"start":{"line":148,"column":4},"end":{"line":151,"column":5}},"type":"if","locations":[{"start":{"line":148,"column":4},"end":{"line":151,"column":5}},{"start":{},"end":{}}],"line":148},"12":{"loc":{"start":{"line":156,"column":4},"end":{"line":162,"column":8}},"type":"binary-expr","locations":[{"start":{"line":156,"column":4},"end":{"line":156,"column":8}},{"start":{"line":157,"column":6},"end":{"line":162,"column":8}}],"line":156},"13":{"loc":{"start":{"line":159,"column":22},"end":{"line":159,"column":60}},"type":"binary-expr","locations":[{"start":{"line":159,"column":22},"end":{"line":159,"column":52}},{"start":{"line":159,"column":56},"end":{"line":159,"column":60}}],"line":159},"14":{"loc":{"start":{"line":174,"column":23},"end":{"line":174,"column":61}},"type":"binary-expr","locations":[{"start":{"line":174,"column":23},"end":{"line":174,"column":53}},{"start":{"line":174,"column":57},"end":{"line":174,"column":61}}],"line":174},"15":{"loc":{"start":{"line":197,"column":24},"end":{"line":197,"column":62}},"type":"binary-expr","locations":[{"start":{"line":197,"column":24},"end":{"line":197,"column":54}},{"start":{"line":197,"column":58},"end":{"line":197,"column":62}}],"line":197}},"s":{"0":1,"1":0,"2":0,"3":0,"4":0,"5":0,"6":1,"7":0,"8":0,"9":0,"10":0,"11":1,"12":0,"13":0,"14":0,"15":0,"16":0,"17":0,"18":0,"19":0,"20":0,"21":0,"22":1,"23":0,"24":0,"25":0,"26":0,"27":0,"28":0,"29":0,"30":0,"31":0,"32":0,"33":0,"34":0,"35":0,"36":0,"37":0,"38":0,"39":0,"40":0,"41":0,"42":0,"43":0,"44":0,"45":0,"46":0,"47":0,"48":0,"49":0,"50":0,"51":0,"52":0},"f":{"0":0,"1":0,"2":0,"3":0,"4":0,"5":0,"6":0,"7":0,"8":0,"9":0,"10":0,"11":0,"12":0},"b":{"0":[0,0],"1":[0,0],"2":[0,0],"3":[0,0],"4":[0,0],"5":[0,0],"6":[0,0],"7":[0,0],"8":[0,0,0],"9":[0,0],"10":[0,0],"11":[0,0],"12":[0,0],"13":[0,0],"14":[0,0],"15":[0,0]},"_coverageSchema":"1a1c01bbd47fc00a2c39e90264f33305004495a9","hash":"dc556f4d9f7d8b9ae68c29457566dbceae3072b0"}
,"/Users/liam/code/JupitersLB/EnumeDate/src/components/dropdown/dropdownList.tsx": {"path":"/Users/liam/code/JupitersLB/EnumeDate/src/components/dropdown/dropdownList.tsx","statementMap":{"0":{"start":{"line":15,"column":5},"end":{"line":88,"column":1}},"1":{"start":{"line":16,"column":19},"end":{"line":16,"column":32}},"2":{"start":{"line":17,"column":16},"end":{"line":17,"column":32}},"3":{"start":{"line":18,"column":23},"end":{"line":18,"column":45}},"4":{"start":{"line":19,"column":42},"end":{"line":21,"column":9}},"5":{"start":{"line":23,"column":19},"end":{"line":28,"column":3}},"6":{"start":{"line":24,"column":4},"end":{"line":24,"column":51}},"7":{"start":{"line":24,"column":23},"end":{"line":24,"column":51}},"8":{"start":{"line":25,"column":4},"end":{"line":27,"column":5}},"9":{"start":{"line":26,"column":25},"end":{"line":26,"column":77}},"10":{"start":{"line":30,"column":21},"end":{"line":33,"column":3}},"11":{"start":{"line":31,"column":4},"end":{"line":31,"column":26}},"12":{"start":{"line":32,"column":4},"end":{"line":32,"column":21}},"13":{"start":{"line":35,"column":18},"end":{"line":38,"column":3}},"14":{"start":{"line":36,"column":4},"end":{"line":36,"column":25}},"15":{"start":{"line":37,"column":4},"end":{"line":37,"column":33}},"16":{"start":{"line":40,"column":2},"end":{"line":87,"column":3}},"17":{"start":{"line":68,"column":30},"end":{"line":68,"column":40}},"18":{"start":{"line":70,"column":8},"end":{"line":78,"column":27}},"19":{"start":{"line":76,"column":25},"end":{"line":76,"column":46}}},"fnMap":{"0":{"name":"(anonymous_0)","decl":{"start":{"line":15,"column":5},"end":{"line":15,"column":6}},"loc":{"start":{"line":15,"column":77},"end":{"line":88,"column":1}},"line":15},"1":{"name":"(anonymous_1)","decl":{"start":{"line":23,"column":19},"end":{"line":23,"column":20}},"loc":{"start":{"line":23,"column":39},"end":{"line":28,"column":3}},"line":23},"2":{"name":"(anonymous_2)","decl":{"start":{"line":26,"column":18},"end":{"line":26,"column":19}},"loc":{"start":{"line":26,"column":25},"end":{"line":26,"column":77}},"line":26},"3":{"name":"(anonymous_3)","decl":{"start":{"line":30,"column":21},"end":{"line":30,"column":22}},"loc":{"start":{"line":30,"column":36},"end":{"line":33,"column":3}},"line":30},"4":{"name":"(anonymous_4)","decl":{"start":{"line":35,"column":18},"end":{"line":35,"column":19}},"loc":{"start":{"line":35,"column":24},"end":{"line":38,"column":3}},"line":35},"5":{"name":"(anonymous_5)","decl":{"start":{"line":68,"column":20},"end":{"line":68,"column":21}},"loc":{"start":{"line":68,"column":30},"end":{"line":68,"column":40}},"line":68},"6":{"name":"(anonymous_6)","decl":{"start":{"line":69,"column":18},"end":{"line":69,"column":19}},"loc":{"start":{"line":70,"column":8},"end":{"line":78,"column":27}},"line":70},"7":{"name":"(anonymous_7)","decl":{"start":{"line":76,"column":19},"end":{"line":76,"column":20}},"loc":{"start":{"line":76,"column":25},"end":{"line":76,"column":46}},"line":76}},"branchMap":{"0":{"loc":{"start":{"line":24,"column":4},"end":{"line":24,"column":51}},"type":"if","locations":[{"start":{"line":24,"column":4},"end":{"line":24,"column":51}},{"start":{},"end":{}}],"line":24},"1":{"loc":{"start":{"line":67,"column":12},"end":{"line":67,"column":32}},"type":"binary-expr","locations":[{"start":{"line":67,"column":12},"end":{"line":67,"column":24}},{"start":{"line":67,"column":28},"end":{"line":67,"column":32}}],"line":67},"2":{"loc":{"start":{"line":73,"column":14},"end":{"line":73,"column":80}},"type":"cond-expr","locations":[{"start":{"line":73,"column":57},"end":{"line":73,"column":75}},{"start":{"line":73,"column":78},"end":{"line":73,"column":80}}],"line":73}},"s":{"0":1,"1":0,"2":0,"3":0,"4":0,"5":0,"6":0,"7":0,"8":0,"9":0,"10":0,"11":0,"12":0,"13":0,"14":0,"15":0,"16":0,"17":0,"18":0,"19":0},"f":{"0":0,"1":0,"2":0,"3":0,"4":0,"5":0,"6":0,"7":0},"b":{"0":[0,0],"1":[0,0],"2":[0,0]},"_coverageSchema":"1a1c01bbd47fc00a2c39e90264f33305004495a9","hash":"49165571db6a1fafad8c7da4195bb06f22b1215f"}
,"/Users/liam/code/JupitersLB/EnumeDate/src/components/header/headerDelete.tsx": {"path":"/Users/liam/code/JupitersLB/EnumeDate/src/components/header/headerDelete.tsx","statementMap":{"0":{"start":{"line":13,"column":44},"end":{"line":31,"column":1}},"1":{"start":{"line":14,"column":25},"end":{"line":14,"column":53}},"2":{"start":{"line":15,"column":19},"end":{"line":15,"column":32}},"3":{"start":{"line":16,"column":16},"end":{"line":16,"column":32}},"4":{"start":{"line":17,"column":47},"end":{"line":17,"column":62}},"5":{"start":{"line":18,"column":2},"end":{"line":30,"column":3}},"6":{"start":{"line":21,"column":8},"end":{"line":21,"column":33}},"7":{"start":{"line":22,"column":8},"end":{"line":22,"column":27}}},"fnMap":{"0":{"name":"(anonymous_0)","decl":{"start":{"line":13,"column":44},"end":{"line":13,"column":45}},"loc":{"start":{"line":13,"column":59},"end":{"line":31,"column":1}},"line":13},"1":{"name":"(anonymous_1)","decl":{"start":{"line":20,"column":15},"end":{"line":20,"column":16}},"loc":{"start":{"line":20,"column":21},"end":{"line":23,"column":7}},"line":20}},"branchMap":{},"s":{"0":1,"1":0,"2":0,"3":0,"4":0,"5":0,"6":0,"7":0},"f":{"0":0,"1":0},"b":{},"_coverageSchema":"1a1c01bbd47fc00a2c39e90264f33305004495a9","hash":"e7be236708d13b6c0f5f3b318bc245e320ffacd4"}
,"/Users/liam/code/JupitersLB/EnumeDate/src/components/home/eventList.tsx": {"path":"/Users/liam/code/JupitersLB/EnumeDate/src/components/home/eventList.tsx","statementMap":{"0":{"start":{"line":10,"column":44},"end":{"line":27,"column":1}},"1":{"start":{"line":11,"column":26},"end":{"line":11,"column":42}},"2":{"start":{"line":12,"column":19},"end":{"line":12,"column":32}},"3":{"start":{"line":14,"column":21},"end":{"line":16,"column":3}},"4":{"start":{"line":15,"column":4},"end":{"line":15,"column":62}},"5":{"start":{"line":18,"column":2},"end":{"line":26,"column":3}},"6":{"start":{"line":22,"column":31},"end":{"line":22,"column":44}},"7":{"start":{"line":23,"column":30},"end":{"line":23,"column":37}}},"fnMap":{"0":{"name":"(anonymous_0)","decl":{"start":{"line":10,"column":44},"end":{"line":10,"column":45}},"loc":{"start":{"line":10,"column":60},"end":{"line":27,"column":1}},"line":10},"1":{"name":"(anonymous_1)","decl":{"start":{"line":14,"column":21},"end":{"line":14,"column":22}},"loc":{"start":{"line":15,"column":4},"end":{"line":15,"column":62}},"line":15},"2":{"name":"(anonymous_2)","decl":{"start":{"line":22,"column":17},"end":{"line":22,"column":18}},"loc":{"start":{"line":22,"column":31},"end":{"line":22,"column":44}},"line":22},"3":{"name":"(anonymous_3)","decl":{"start":{"line":23,"column":20},"end":{"line":23,"column":21}},"loc":{"start":{"line":23,"column":30},"end":{"line":23,"column":37}},"line":23}},"branchMap":{},"s":{"0":1,"1":1,"2":1,"3":1,"4":0,"5":1,"6":0,"7":0},"f":{"0":1,"1":0,"2":0,"3":0},"b":{},"_coverageSchema":"1a1c01bbd47fc00a2c39e90264f33305004495a9","hash":"5402593df7715b55a71130ef7009926d74214d60"}
,"/Users/liam/code/JupitersLB/EnumeDate/src/components/modals/dropdownModal.tsx": {"path":"/Users/liam/code/JupitersLB/EnumeDate/src/components/modals/dropdownModal.tsx","statementMap":{"0":{"start":{"line":16,"column":5},"end":{"line":56,"column":1}},"1":{"start":{"line":24,"column":19},"end":{"line":24,"column":32}},"2":{"start":{"line":26,"column":2},"end":{"line":55,"column":3}},"3":{"start":{"line":29,"column":41},"end":{"line":29,"column":58}}},"fnMap":{"0":{"name":"(anonymous_0)","decl":{"start":{"line":16,"column":5},"end":{"line":16,"column":6}},"loc":{"start":{"line":23,"column":6},"end":{"line":56,"column":1}},"line":23},"1":{"name":"(anonymous_1)","decl":{"start":{"line":29,"column":35},"end":{"line":29,"column":36}},"loc":{"start":{"line":29,"column":41},"end":{"line":29,"column":58}},"line":29}},"branchMap":{"0":{"loc":{"start":{"line":36,"column":9},"end":{"line":52,"column":9}},"type":"cond-expr","locations":[{"start":{"line":37,"column":10},"end":{"line":41,"column":12}},{"start":{"line":43,"column":10},"end":{"line":51,"column":11}}],"line":36},"1":{"loc":{"start":{"line":43,"column":10},"end":{"line":51,"column":11}},"type":"binary-expr","locations":[{"start":{"line":43,"column":10},"end":{"line":43,"column":14}},{"start":{"line":44,"column":12},"end":{"line":50,"column":14}}],"line":43}},"s":{"0":1,"1":0,"2":0,"3":0},"f":{"0":0,"1":0},"b":{"0":[0,0],"1":[0,0]},"_coverageSchema":"1a1c01bbd47fc00a2c39e90264f33305004495a9","hash":"b001e4f1064df2394e7ffa4f0302dd505ec809f9"}
,"/Users/liam/code/JupitersLB/EnumeDate/src/config/i18n.ts": {"path":"/Users/liam/code/JupitersLB/EnumeDate/src/config/i18n.ts","statementMap":{"0":{"start":{"line":21,"column":24},"end":{"line":24,"column":1}},"1":{"start":{"line":26,"column":24},"end":{"line":33,"column":1}},"2":{"start":{"line":35,"column":25},"end":{"line":42,"column":1}},"3":{"start":{"line":44,"column":15},"end":{"line":53,"column":1}},"4":{"start":{"line":55,"column":0},"end":{"line":55,"column":39}}},"fnMap":{},"branchMap":{},"s":{"0":1,"1":1,"2":1,"3":1,"4":1},"f":{},"b":{},"_coverageSchema":"1a1c01bbd47fc00a2c39e90264f33305004495a9","hash":"f58b16184eaa9485a19bacfda30e8a0f57c1c511"}
,"/Users/liam/code/JupitersLB/EnumeDate/src/config/mstPersist.ts": {"path":"/Users/liam/code/JupitersLB/EnumeDate/src/config/mstPersist.ts","statementMap":{"0":{"start":{"line":6,"column":30},"end":{"line":12,"column":1}},"1":{"start":{"line":7,"column":2},"end":{"line":11,"column":4}},"2":{"start":{"line":14,"column":33},"end":{"line":20,"column":1}},"3":{"start":{"line":15,"column":2},"end":{"line":19,"column":4}},"4":{"start":{"line":22,"column":32},"end":{"line":28,"column":1}},"5":{"start":{"line":23,"column":2},"end":{"line":27,"column":53}},"6":{"start":{"line":27,"column":16},"end":{"line":27,"column":52}}},"fnMap":{"0":{"name":"(anonymous_0)","decl":{"start":{"line":6,"column":30},"end":{"line":6,"column":31}},"loc":{"start":{"line":6,"column":36},"end":{"line":12,"column":1}},"line":6},"1":{"name":"(anonymous_1)","decl":{"start":{"line":14,"column":33},"end":{"line":14,"column":34}},"loc":{"start":{"line":14,"column":39},"end":{"line":20,"column":1}},"line":14},"2":{"name":"(anonymous_2)","decl":{"start":{"line":22,"column":32},"end":{"line":22,"column":33}},"loc":{"start":{"line":22,"column":38},"end":{"line":28,"column":1}},"line":22},"3":{"name":"(anonymous_3)","decl":{"start":{"line":27,"column":10},"end":{"line":27,"column":11}},"loc":{"start":{"line":27,"column":16},"end":{"line":27,"column":52}},"line":27}},"branchMap":{},"s":{"0":1,"1":1,"2":1,"3":1,"4":1,"5":1,"6":1},"f":{"0":1,"1":1,"2":1,"3":1},"b":{},"_coverageSchema":"1a1c01bbd47fc00a2c39e90264f33305004495a9","hash":"b9015af8153cd76cc4c92abacf0f7ee0dc1a24df"}
,"/Users/liam/code/JupitersLB/EnumeDate/src/screens/main.tsx": {"path":"/Users/liam/code/JupitersLB/EnumeDate/src/screens/main.tsx","statementMap":{"0":{"start":{"line":11,"column":12},"end":{"line":11,"column":38}},"1":{"start":{"line":16,"column":5},"end":{"line":59,"column":1}},"2":{"start":{"line":17,"column":16},"end":{"line":17,"column":32}},"3":{"start":{"line":18,"column":14},"end":{"line":18,"column":35}},"4":{"start":{"line":19,"column":19},"end":{"line":19,"column":32}},"5":{"start":{"line":21,"column":2},"end":{"line":58,"column":3}},"6":{"start":{"line":35,"column":12},"end":{"line":39,"column":14}},"7":{"start":{"line":49,"column":12},"end":{"line":53,"column":14}}},"fnMap":{"0":{"name":"(anonymous_0)","decl":{"start":{"line":16,"column":5},"end":{"line":16,"column":6}},"loc":{"start":{"line":16,"column":11},"end":{"line":59,"column":1}},"line":16},"1":{"name":"(anonymous_1)","decl":{"start":{"line":34,"column":22},"end":{"line":34,"column":23}},"loc":{"start":{"line":35,"column":12},"end":{"line":39,"column":14}},"line":35},"2":{"name":"(anonymous_2)","decl":{"start":{"line":48,"column":22},"end":{"line":48,"column":23}},"loc":{"start":{"line":49,"column":12},"end":{"line":53,"column":14}},"line":49}},"branchMap":{"0":{"loc":{"start":{"line":19,"column":19},"end":{"line":19,"column":32}},"type":"cond-expr","locations":[{"start":{"line":19,"column":25},"end":{"line":19,"column":27}},{"start":{"line":19,"column":30},"end":{"line":19,"column":32}}],"line":19},"1":{"loc":{"start":{"line":38,"column":21},"end":{"line":38,"column":52}},"type":"cond-expr","locations":[{"start":{"line":38,"column":31},"end":{"line":38,"column":40}},{"start":{"line":38,"column":43},"end":{"line":38,"column":52}}],"line":38},"2":{"loc":{"start":{"line":52,"column":21},"end":{"line":52,"column":52}},"type":"cond-expr","locations":[{"start":{"line":52,"column":31},"end":{"line":52,"column":40}},{"start":{"line":52,"column":43},"end":{"line":52,"column":52}}],"line":52}},"s":{"0":1,"1":1,"2":1,"3":1,"4":1,"5":1,"6":2,"7":2},"f":{"0":1,"1":2,"2":2},"b":{"0":[1,0],"1":[1,1],"2":[1,1]},"_coverageSchema":"1a1c01bbd47fc00a2c39e90264f33305004495a9","hash":"c09b121d0983119241fb886ae0d63be2ce9cffff"}
,"/Users/liam/code/JupitersLB/EnumeDate/src/screens/home/eventForm.tsx": {"path":"/Users/liam/code/JupitersLB/EnumeDate/src/screens/home/eventForm.tsx","statementMap":{"0":{"start":{"line":28,"column":5},"end":{"line":144,"column":1}},"1":{"start":{"line":29,"column":25},"end":{"line":29,"column":53}},"2":{"start":{"line":35,"column":6},"end":{"line":35,"column":25}},"3":{"start":{"line":36,"column":19},"end":{"line":36,"column":32}},"4":{"start":{"line":38,"column":13},"end":{"line":38,"column":30}},"5":{"start":{"line":40,"column":2},"end":{"line":58,"column":10}},"6":{"start":{"line":41,"column":4},"end":{"line":41,"column":37}},"7":{"start":{"line":42,"column":4},"end":{"line":42,"column":80}},"8":{"start":{"line":43,"column":4},"end":{"line":57,"column":5}},"9":{"start":{"line":44,"column":6},"end":{"line":44,"column":37}},"10":{"start":{"line":45,"column":6},"end":{"line":56,"column":7}},"11":{"start":{"line":46,"column":8},"end":{"line":50,"column":10}},"12":{"start":{"line":49,"column":29},"end":{"line":49,"column":78}},"13":{"start":{"line":51,"column":8},"end":{"line":51,"column":56}},"14":{"start":{"line":52,"column":8},"end":{"line":55,"column":10}},"15":{"start":{"line":60,"column":19},"end":{"line":63,"column":3}},"16":{"start":{"line":61,"column":4},"end":{"line":61,"column":65}},"17":{"start":{"line":62,"column":4},"end":{"line":62,"column":23}},"18":{"start":{"line":65,"column":19},"end":{"line":71,"column":3}},"19":{"start":{"line":66,"column":4},"end":{"line":70,"column":6}},"20":{"start":{"line":73,"column":22},"end":{"line":79,"column":3}},"21":{"start":{"line":74,"column":4},"end":{"line":78,"column":6}},"22":{"start":{"line":81,"column":22},"end":{"line":86,"column":10}},"23":{"start":{"line":88,"column":22},"end":{"line":96,"column":7}},"24":{"start":{"line":98,"column":2},"end":{"line":143,"column":3}}},"fnMap":{"0":{"name":"(anonymous_0)","decl":{"start":{"line":28,"column":5},"end":{"line":28,"column":6}},"loc":{"start":{"line":28,"column":32},"end":{"line":144,"column":1}},"line":28},"1":{"name":"(anonymous_1)","decl":{"start":{"line":40,"column":12},"end":{"line":40,"column":13}},"loc":{"start":{"line":40,"column":18},"end":{"line":58,"column":3}},"line":40},"2":{"name":"(anonymous_2)","decl":{"start":{"line":49,"column":23},"end":{"line":49,"column":24}},"loc":{"start":{"line":49,"column":29},"end":{"line":49,"column":78}},"line":49},"3":{"name":"(anonymous_3)","decl":{"start":{"line":60,"column":19},"end":{"line":60,"column":20}},"loc":{"start":{"line":60,"column":39},"end":{"line":63,"column":3}},"line":60},"4":{"name":"(anonymous_4)","decl":{"start":{"line":65,"column":19},"end":{"line":65,"column":20}},"loc":{"start":{"line":65,"column":39},"end":{"line":71,"column":3}},"line":65},"5":{"name":"(anonymous_5)","decl":{"start":{"line":73,"column":22},"end":{"line":73,"column":23}},"loc":{"start":{"line":73,"column":42},"end":{"line":79,"column":3}},"line":73}},"branchMap":{"0":{"loc":{"start":{"line":43,"column":4},"end":{"line":57,"column":5}},"type":"if","locations":[{"start":{"line":43,"column":4},"end":{"line":57,"column":5}},{"start":{},"end":{}}],"line":43},"1":{"loc":{"start":{"line":45,"column":6},"end":{"line":56,"column":7}},"type":"if","locations":[{"start":{"line":45,"column":6},"end":{"line":56,"column":7}},{"start":{},"end":{}}],"line":45},"2":{"loc":{"start":{"line":61,"column":4},"end":{"line":61,"column":65}},"type":"cond-expr","locations":[{"start":{"line":61,"column":31},"end":{"line":61,"column":48}},{"start":{"line":61,"column":51},"end":{"line":61,"column":65}}],"line":61},"3":{"loc":{"start":{"line":81,"column":22},"end":{"line":86,"column":10}},"type":"cond-expr","locations":[{"start":{"line":82,"column":6},"end":{"line":85,"column":7}},{"start":{"line":86,"column":6},"end":{"line":86,"column":10}}],"line":81},"4":{"loc":{"start":{"line":88,"column":22},"end":{"line":96,"column":7}},"type":"cond-expr","locations":[{"start":{"line":89,"column":6},"end":{"line":92,"column":7}},{"start":{"line":93,"column":6},"end":{"line":96,"column":7}}],"line":88},"5":{"loc":{"start":{"line":108,"column":9},"end":{"line":110,"column":9}},"type":"binary-expr","locations":[{"start":{"line":108,"column":9},"end":{"line":108,"column":20}},{"start":{"line":109,"column":10},"end":{"line":109,"column":70}}],"line":108},"6":{"loc":{"start":{"line":121,"column":9},"end":{"line":123,"column":9}},"type":"binary-expr","locations":[{"start":{"line":121,"column":9},"end":{"line":121,"column":20}},{"start":{"line":122,"column":10},"end":{"line":122,"column":70}}],"line":121}},"s":{"0":1,"1":0,"2":0,"3":0,"4":0,"5":0,"6":0,"7":0,"8":0,"9":0,"10":0,"11":0,"12":0,"13":0,"14":0,"15":0,"16":0,"17":0,"18":0,"19":0,"20":0,"21":0,"22":0,"23":0,"24":0},"f":{"0":0,"1":0,"2":0,"3":0,"4":0,"5":0},"b":{"0":[0,0],"1":[0,0],"2":[0,0],"3":[0,0],"4":[0,0],"5":[0,0],"6":[0,0]},"_coverageSchema":"1a1c01bbd47fc00a2c39e90264f33305004495a9","hash":"8490feadbbfd468f2956e6873ed1b5c3f2d32230"}
,"/Users/liam/code/JupitersLB/EnumeDate/src/screens/home/home.tsx": {"path":"/Users/liam/code/JupitersLB/EnumeDate/src/screens/home/home.tsx","statementMap":{"0":{"start":{"line":13,"column":77},"end":{"line":48,"column":1}},"1":{"start":{"line":17,"column":34},"end":{"line":17,"column":62}},"2":{"start":{"line":18,"column":20},"end":{"line":18,"column":34}},"3":{"start":{"line":19,"column":19},"end":{"line":19,"column":32}},"4":{"start":{"line":20,"column":16},"end":{"line":20,"column":32}},"5":{"start":{"line":22,"column":2},"end":{"line":22,"column":34}},"6":{"start":{"line":24,"column":2},"end":{"line":47,"column":3}},"7":{"start":{"line":39,"column":25},"end":{"line":39,"column":57}}},"fnMap":{"0":{"name":"(anonymous_0)","decl":{"start":{"line":13,"column":77},"end":{"line":13,"column":78}},"loc":{"start":{"line":16,"column":6},"end":{"line":48,"column":1}},"line":16},"1":{"name":"(anonymous_1)","decl":{"start":{"line":22,"column":12},"end":{"line":22,"column":13}},"loc":{"start":{"line":22,"column":18},"end":{"line":22,"column":20}},"line":22},"2":{"name":"(anonymous_2)","decl":{"start":{"line":39,"column":19},"end":{"line":39,"column":20}},"loc":{"start":{"line":39,"column":25},"end":{"line":39,"column":57}},"line":39}},"branchMap":{"0":{"loc":{"start":{"line":42,"column":9},"end":{"line":44,"column":9}},"type":"binary-expr","locations":[{"start":{"line":42,"column":9},"end":{"line":42,"column":33}},{"start":{"line":43,"column":10},"end":{"line":43,"column":60}}],"line":42}},"s":{"0":1,"1":1,"2":1,"3":1,"4":1,"5":1,"6":1,"7":0},"f":{"0":1,"1":1,"2":0},"b":{"0":[1,0]},"_coverageSchema":"1a1c01bbd47fc00a2c39e90264f33305004495a9","hash":"d9c49608328eb6b129a9dec99e4b970304e3b62d"}
,"/Users/liam/code/JupitersLB/EnumeDate/src/screens/home/homeStack.tsx": {"path":"/Users/liam/code/JupitersLB/EnumeDate/src/screens/home/homeStack.tsx","statementMap":{"0":{"start":{"line":13,"column":18},"end":{"line":13,"column":40}},"1":{"start":{"line":18,"column":5},"end":{"line":52,"column":1}},"2":{"start":{"line":19,"column":16},"end":{"line":19,"column":32}},"3":{"start":{"line":20,"column":2},"end":{"line":51,"column":3}},"4":{"start":{"line":40,"column":28},"end":{"line":40,"column":32}}},"fnMap":{"0":{"name":"(anonymous_0)","decl":{"start":{"line":18,"column":5},"end":{"line":18,"column":6}},"loc":{"start":{"line":18,"column":32},"end":{"line":52,"column":1}},"line":18},"1":{"name":"(anonymous_1)","decl":{"start":{"line":40,"column":22},"end":{"line":40,"column":23}},"loc":{"start":{"line":40,"column":28},"end":{"line":40,"column":32}},"line":40}},"branchMap":{},"s":{"0":1,"1":1,"2":1,"3":1,"4":1},"f":{"0":1,"1":1},"b":{},"_coverageSchema":"1a1c01bbd47fc00a2c39e90264f33305004495a9","hash":"ebd3227f646b0a5f8d7e0dbf3883f75438b4c72b"}
,"/Users/liam/code/JupitersLB/EnumeDate/src/screens/settings/settings.tsx": {"path":"/Users/liam/code/JupitersLB/EnumeDate/src/screens/settings/settings.tsx","statementMap":{"0":{"start":{"line":18,"column":5},"end":{"line":49,"column":1}},"1":{"start":{"line":19,"column":24},"end":{"line":19,"column":52}},"2":{"start":{"line":20,"column":46},"end":{"line":22,"column":6}},"3":{"start":{"line":23,"column":19},"end":{"line":23,"column":32}},"4":{"start":{"line":24,"column":16},"end":{"line":24,"column":32}},"5":{"start":{"line":26,"column":19},"end":{"line":30,"column":3}},"6":{"start":{"line":29,"column":4},"end":{"line":29,"column":52}},"7":{"start":{"line":32,"column":2},"end":{"line":48,"column":3}}},"fnMap":{"0":{"name":"(anonymous_0)","decl":{"start":{"line":18,"column":5},"end":{"line":18,"column":6}},"loc":{"start":{"line":18,"column":32},"end":{"line":49,"column":1}},"line":18},"1":{"name":"(anonymous_1)","decl":{"start":{"line":26,"column":19},"end":{"line":26,"column":20}},"loc":{"start":{"line":28,"column":8},"end":{"line":30,"column":3}},"line":28}},"branchMap":{},"s":{"0":1,"1":0,"2":0,"3":0,"4":0,"5":0,"6":0,"7":0},"f":{"0":0,"1":0},"b":{},"_coverageSchema":"1a1c01bbd47fc00a2c39e90264f33305004495a9","hash":"dce78336632d9e4d7006376cf2f3932657976cc1"}
,"/Users/liam/code/JupitersLB/EnumeDate/src/screens/settings/settingsStack.tsx": {"path":"/Users/liam/code/JupitersLB/EnumeDate/src/screens/settings/settingsStack.tsx","statementMap":{"0":{"start":{"line":12,"column":22},"end":{"line":12,"column":44}},"1":{"start":{"line":17,"column":5},"end":{"line":45,"column":1}},"2":{"start":{"line":18,"column":16},"end":{"line":18,"column":32}},"3":{"start":{"line":20,"column":2},"end":{"line":44,"column":3}},"4":{"start":{"line":40,"column":28},"end":{"line":40,"column":32}}},"fnMap":{"0":{"name":"(anonymous_0)","decl":{"start":{"line":17,"column":5},"end":{"line":17,"column":6}},"loc":{"start":{"line":17,"column":32},"end":{"line":45,"column":1}},"line":17},"1":{"name":"(anonymous_1)","decl":{"start":{"line":40,"column":22},"end":{"line":40,"column":23}},"loc":{"start":{"line":40,"column":28},"end":{"line":40,"column":32}},"line":40}},"branchMap":{},"s":{"0":1,"1":1,"2":0,"3":0,"4":0},"f":{"0":0,"1":0},"b":{},"_coverageSchema":"1a1c01bbd47fc00a2c39e90264f33305004495a9","hash":"6f8be11a100b26ee1a42fe04445f72415d6ffec5"}
,"/Users/liam/code/JupitersLB/EnumeDate/src/stores/eventStore.ts": {"path":"/Users/liam/code/JupitersLB/EnumeDate/src/stores/eventStore.ts","statementMap":{"0":{"start":{"line":4,"column":26},"end":{"line":20,"column":5}},"1":{"start":{"line":9,"column":22},"end":{"line":20,"column":3}},"2":{"start":{"line":11,"column":6},"end":{"line":11,"column":76}},"3":{"start":{"line":11,"column":31},"end":{"line":11,"column":48}},"4":{"start":{"line":14,"column":6},"end":{"line":14,"column":20}},"5":{"start":{"line":18,"column":6},"end":{"line":18,"column":47}},"6":{"start":{"line":22,"column":26},"end":{"line":24,"column":2}}},"fnMap":{"0":{"name":"(anonymous_0)","decl":{"start":{"line":9,"column":11},"end":{"line":9,"column":12}},"loc":{"start":{"line":9,"column":22},"end":{"line":20,"column":3}},"line":9},"1":{"name":"(anonymous_1)","decl":{"start":{"line":10,"column":4},"end":{"line":10,"column":5}},"loc":{"start":{"line":10,"column":42},"end":{"line":12,"column":5}},"line":10},"2":{"name":"(anonymous_2)","decl":{"start":{"line":11,"column":24},"end":{"line":11,"column":25}},"loc":{"start":{"line":11,"column":31},"end":{"line":11,"column":48}},"line":11},"3":{"name":"(anonymous_3)","decl":{"start":{"line":13,"column":4},"end":{"line":13,"column":5}},"loc":{"start":{"line":13,"column":27},"end":{"line":15,"column":5}},"line":13},"4":{"name":"(anonymous_4)","decl":{"start":{"line":16,"column":4},"end":{"line":16,"column":5}},"loc":{"start":{"line":16,"column":45},"end":{"line":19,"column":5}},"line":16}},"branchMap":{"0":{"loc":{"start":{"line":11,"column":6},"end":{"line":11,"column":76}},"type":"binary-expr","locations":[{"start":{"line":11,"column":6},"end":{"line":11,"column":49}},{"start":{"line":11,"column":53},"end":{"line":11,"column":76}}],"line":11},"1":{"loc":{"start":{"line":18,"column":27},"end":{"line":18,"column":47}},"type":"binary-expr","locations":[{"start":{"line":18,"column":27},"end":{"line":18,"column":34}},{"start":{"line":18,"column":38},"end":{"line":18,"column":47}}],"line":18}},"s":{"0":1,"1":2,"2":0,"3":0,"4":0,"5":0,"6":1},"f":{"0":2,"1":0,"2":0,"3":0,"4":0},"b":{"0":[0,0],"1":[0,0]},"_coverageSchema":"1a1c01bbd47fc00a2c39e90264f33305004495a9","hash":"d97e55f3c1758cc43cab332148ae950e3ae9375d"}
,"/Users/liam/code/JupitersLB/EnumeDate/src/stores/rootStore.ts": {"path":"/Users/liam/code/JupitersLB/EnumeDate/src/stores/rootStore.ts","statementMap":{"0":{"start":{"line":13,"column":18},"end":{"line":23,"column":5}},"1":{"start":{"line":15,"column":43},"end":{"line":15,"column":61}},"2":{"start":{"line":16,"column":49},"end":{"line":16,"column":70}},"3":{"start":{"line":17,"column":47},"end":{"line":17,"column":67}},"4":{"start":{"line":19,"column":22},"end":{"line":23,"column":3}},"5":{"start":{"line":21,"column":6},"end":{"line":21,"column":29}},"6":{"start":{"line":25,"column":25},"end":{"line":25,"column":45}},"7":{"start":{"line":27,"column":25},"end":{"line":27,"column":49}}},"fnMap":{"0":{"name":"(anonymous_0)","decl":{"start":{"line":15,"column":37},"end":{"line":15,"column":38}},"loc":{"start":{"line":15,"column":43},"end":{"line":15,"column":61}},"line":15},"1":{"name":"(anonymous_1)","decl":{"start":{"line":16,"column":43},"end":{"line":16,"column":44}},"loc":{"start":{"line":16,"column":49},"end":{"line":16,"column":70}},"line":16},"2":{"name":"(anonymous_2)","decl":{"start":{"line":17,"column":41},"end":{"line":17,"column":42}},"loc":{"start":{"line":17,"column":47},"end":{"line":17,"column":67}},"line":17},"3":{"name":"(anonymous_3)","decl":{"start":{"line":19,"column":11},"end":{"line":19,"column":12}},"loc":{"start":{"line":19,"column":22},"end":{"line":23,"column":3}},"line":19},"4":{"name":"(anonymous_4)","decl":{"start":{"line":20,"column":4},"end":{"line":20,"column":5}},"loc":{"start":{"line":20,"column":12},"end":{"line":22,"column":5}},"line":20}},"branchMap":{},"s":{"0":1,"1":1,"2":1,"3":1,"4":1,"5":0,"6":1,"7":1},"f":{"0":1,"1":1,"2":1,"3":1,"4":0},"b":{},"_coverageSchema":"1a1c01bbd47fc00a2c39e90264f33305004495a9","hash":"1c6d1b7de0f6366c4a520a820ecda38c54d262ac"}
,"/Users/liam/code/JupitersLB/EnumeDate/src/stores/uiStore.ts": {"path":"/Users/liam/code/JupitersLB/EnumeDate/src/stores/uiStore.ts","statementMap":{"0":{"start":{"line":4,"column":23},"end":{"line":13,"column":5}},"1":{"start":{"line":8,"column":20},"end":{"line":13,"column":3}},"2":{"start":{"line":10,"column":40},"end":{"line":10,"column":65}},"3":{"start":{"line":11,"column":6},"end":{"line":11,"column":67}}},"fnMap":{"0":{"name":"(anonymous_0)","decl":{"start":{"line":8,"column":9},"end":{"line":8,"column":10}},"loc":{"start":{"line":8,"column":20},"end":{"line":13,"column":3}},"line":8},"1":{"name":"(anonymous_1)","decl":{"start":{"line":9,"column":4},"end":{"line":9,"column":5}},"loc":{"start":{"line":9,"column":27},"end":{"line":12,"column":5}},"line":9}},"branchMap":{"0":{"loc":{"start":{"line":11,"column":13},"end":{"line":11,"column":67}},"type":"binary-expr","locations":[{"start":{"line":11,"column":13},"end":{"line":11,"column":41}},{"start":{"line":11,"column":45},"end":{"line":11,"column":67}}],"line":11}},"s":{"0":1,"1":1,"2":2,"3":2},"f":{"0":1,"1":2},"b":{"0":[2,0]},"_coverageSchema":"1a1c01bbd47fc00a2c39e90264f33305004495a9","hash":"2e0fd4ff299b249526aca11a33615feaa46ddfcb"}
,"/Users/liam/code/JupitersLB/EnumeDate/src/stores/userStore.ts": {"path":"/Users/liam/code/JupitersLB/EnumeDate/src/stores/userStore.ts","statementMap":{"0":{"start":{"line":7,"column":16},"end":{"line":7,"column":39}},"1":{"start":{"line":8,"column":23},"end":{"line":8,"column":46}},"2":{"start":{"line":10,"column":25},"end":{"line":27,"column":5}},"3":{"start":{"line":12,"column":39},"end":{"line":12,"column":43}},"4":{"start":{"line":14,"column":22},"end":{"line":18,"column":3}},"5":{"start":{"line":16,"column":6},"end":{"line":16,"column":22}},"6":{"start":{"line":19,"column":22},"end":{"line":27,"column":3}},"7":{"start":{"line":21,"column":6},"end":{"line":25,"column":7}},"8":{"start":{"line":22,"column":8},"end":{"line":24,"column":10}}},"fnMap":{"0":{"name":"(anonymous_0)","decl":{"start":{"line":12,"column":33},"end":{"line":12,"column":34}},"loc":{"start":{"line":12,"column":39},"end":{"line":12,"column":43}},"line":12},"1":{"name":"(anonymous_1)","decl":{"start":{"line":14,"column":11},"end":{"line":14,"column":12}},"loc":{"start":{"line":14,"column":22},"end":{"line":18,"column":3}},"line":14},"2":{"name":"(anonymous_2)","decl":{"start":{"line":15,"column":4},"end":{"line":15,"column":5}},"loc":{"start":{"line":15,"column":25},"end":{"line":17,"column":5}},"line":15},"3":{"name":"(anonymous_3)","decl":{"start":{"line":19,"column":11},"end":{"line":19,"column":12}},"loc":{"start":{"line":19,"column":22},"end":{"line":27,"column":3}},"line":19},"4":{"name":"(anonymous_4)","decl":{"start":{"line":20,"column":4},"end":{"line":20,"column":5}},"loc":{"start":{"line":20,"column":21},"end":{"line":26,"column":5}},"line":20}},"branchMap":{"0":{"loc":{"start":{"line":21,"column":6},"end":{"line":25,"column":7}},"type":"if","locations":[{"start":{"line":21,"column":6},"end":{"line":25,"column":7}},{"start":{},"end":{}}],"line":21}},"s":{"0":1,"1":1,"2":1,"3":1,"4":1,"5":0,"6":1,"7":1,"8":1},"f":{"0":1,"1":1,"2":0,"3":1,"4":1},"b":{"0":[1,0]},"_coverageSchema":"1a1c01bbd47fc00a2c39e90264f33305004495a9","hash":"a2827ca8eb1c09f9f64a95b97547f1676ee302eb"}
,"/Users/liam/code/JupitersLB/EnumeDate/src/stores/models/event.ts": {"path":"/Users/liam/code/JupitersLB/EnumeDate/src/stores/models/event.ts","statementMap":{"0":{"start":{"line":7,"column":21},"end":{"line":53,"column":5}},"1":{"start":{"line":14,"column":22},"end":{"line":23,"column":3}},"2":{"start":{"line":16,"column":6},"end":{"line":16,"column":29}},"3":{"start":{"line":19,"column":6},"end":{"line":19,"column":28}},"4":{"start":{"line":20,"column":6},"end":{"line":20,"column":36}},"5":{"start":{"line":21,"column":6},"end":{"line":21,"column":28}},"6":{"start":{"line":24,"column":20},"end":{"line":53,"column":3}},"7":{"start":{"line":26,"column":28},"end":{"line":26,"column":53}},"8":{"start":{"line":28,"column":6},"end":{"line":28,"column":78}},"9":{"start":{"line":31,"column":28},"end":{"line":31,"column":53}},"10":{"start":{"line":33,"column":6},"end":{"line":35,"column":55}},"11":{"start":{"line":38,"column":28},"end":{"line":38,"column":53}},"12":{"start":{"line":40,"column":6},"end":{"line":42,"column":44}},"13":{"start":{"line":45,"column":6},"end":{"line":51,"column":7}}},"fnMap":{"0":{"name":"(anonymous_0)","decl":{"start":{"line":14,"column":11},"end":{"line":14,"column":12}},"loc":{"start":{"line":14,"column":22},"end":{"line":23,"column":3}},"line":14},"1":{"name":"(anonymous_1)","decl":{"start":{"line":15,"column":4},"end":{"line":15,"column":5}},"loc":{"start":{"line":15,"column":33},"end":{"line":17,"column":5}},"line":15},"2":{"name":"(anonymous_2)","decl":{"start":{"line":18,"column":4},"end":{"line":18,"column":5}},"loc":{"start":{"line":18,"column":36},"end":{"line":22,"column":5}},"line":18},"3":{"name":"(anonymous_3)","decl":{"start":{"line":24,"column":9},"end":{"line":24,"column":10}},"loc":{"start":{"line":24,"column":20},"end":{"line":53,"column":3}},"line":24},"4":{"name":"(anonymous_4)","decl":{"start":{"line":25,"column":4},"end":{"line":25,"column":5}},"loc":{"start":{"line":25,"column":20},"end":{"line":29,"column":5}},"line":25},"5":{"name":"(anonymous_5)","decl":{"start":{"line":30,"column":4},"end":{"line":30,"column":5}},"loc":{"start":{"line":30,"column":20},"end":{"line":36,"column":5}},"line":30},"6":{"name":"(anonymous_6)","decl":{"start":{"line":37,"column":4},"end":{"line":37,"column":5}},"loc":{"start":{"line":37,"column":20},"end":{"line":43,"column":5}},"line":37},"7":{"name":"(anonymous_7)","decl":{"start":{"line":44,"column":4},"end":{"line":44,"column":5}},"loc":{"start":{"line":44,"column":20},"end":{"line":52,"column":5}},"line":44}},"branchMap":{"0":{"loc":{"start":{"line":28,"column":13},"end":{"line":28,"column":78}},"type":"binary-expr","locations":[{"start":{"line":28,"column":13},"end":{"line":28,"column":22}},{"start":{"line":28,"column":26},"end":{"line":28,"column":55}},{"start":{"line":28,"column":59},"end":{"line":28,"column":78}}],"line":28},"1":{"loc":{"start":{"line":34,"column":19},"end":{"line":34,"column":70}},"type":"binary-expr","locations":[{"start":{"line":34,"column":19},"end":{"line":34,"column":49}},{"start":{"line":34,"column":53},"end":{"line":34,"column":70}}],"line":34},"2":{"loc":{"start":{"line":41,"column":19},"end":{"line":41,"column":70}},"type":"binary-expr","locations":[{"start":{"line":41,"column":19},"end":{"line":41,"column":49}},{"start":{"line":41,"column":53},"end":{"line":41,"column":70}}],"line":41}},"s":{"0":1,"1":0,"2":0,"3":0,"4":0,"5":0,"6":0,"7":0,"8":0,"9":0,"10":0,"11":0,"12":0,"13":0},"f":{"0":0,"1":0,"2":0,"3":0,"4":0,"5":0,"6":0,"7":0},"b":{"0":[0,0,0],"1":[0,0],"2":[0,0]},"_coverageSchema":"1a1c01bbd47fc00a2c39e90264f33305004495a9","hash":"a4d6f0f063a4b67add83ed06a30ad5ca98573472"}
,"/Users/liam/code/JupitersLB/EnumeDate/src/stores/models/user.ts": {"path":"/Users/liam/code/JupitersLB/EnumeDate/src/stores/models/user.ts","statementMap":{"0":{"start":{"line":5,"column":20},"end":{"line":23,"column":5}},"1":{"start":{"line":15,"column":22},"end":{"line":23,"column":3}},"2":{"start":{"line":17,"column":6},"end":{"line":17,"column":31}},"3":{"start":{"line":18,"column":6},"end":{"line":18,"column":31}},"4":{"start":{"line":21,"column":6},"end":{"line":21,"column":31}}},"fnMap":{"0":{"name":"(anonymous_0)","decl":{"start":{"line":15,"column":11},"end":{"line":15,"column":12}},"loc":{"start":{"line":15,"column":22},"end":{"line":23,"column":3}},"line":15},"1":{"name":"(anonymous_1)","decl":{"start":{"line":16,"column":4},"end":{"line":16,"column":5}},"loc":{"start":{"line":16,"column":38},"end":{"line":19,"column":5}},"line":16},"2":{"name":"(anonymous_2)","decl":{"start":{"line":20,"column":4},"end":{"line":20,"column":5}},"loc":{"start":{"line":20,"column":34},"end":{"line":22,"column":5}},"line":20}},"branchMap":{},"s":{"0":1,"1":1,"2":0,"3":0,"4":0},"f":{"0":1,"1":0,"2":0},"b":{},"_coverageSchema":"1a1c01bbd47fc00a2c39e90264f33305004495a9","hash":"fd02c19587cf2fbe0bd07f69fcd791a99f7295b3"}
,"/Users/liam/code/JupitersLB/EnumeDate/src/utilities/arbitraryPxWorkaround.ts": {"path":"/Users/liam/code/JupitersLB/EnumeDate/src/utilities/arbitraryPxWorkaround.ts","statementMap":{"0":{"start":{"line":1,"column":26},"end":{"line":102,"column":1}}},"fnMap":{},"branchMap":{},"s":{"0":1},"f":{},"b":{},"_coverageSchema":"1a1c01bbd47fc00a2c39e90264f33305004495a9","hash":"2bb07689b3395676d3ab4aa1f1ea71cec24845ae"}
,"/Users/liam/code/JupitersLB/EnumeDate/src/utilities/generateId.ts": {"path":"/Users/liam/code/JupitersLB/EnumeDate/src/utilities/generateId.ts","statementMap":{"0":{"start":{"line":4,"column":26},"end":{"line":4,"column":40}},"1":{"start":{"line":4,"column":32},"end":{"line":4,"column":40}}},"fnMap":{"0":{"name":"(anonymous_0)","decl":{"start":{"line":4,"column":26},"end":{"line":4,"column":27}},"loc":{"start":{"line":4,"column":32},"end":{"line":4,"column":40}},"line":4}},"branchMap":{},"s":{"0":1,"1":2},"f":{"0":2},"b":{},"_coverageSchema":"1a1c01bbd47fc00a2c39e90264f33305004495a9","hash":"fbbb4ee066b504085021ce04cf2827906eae4408"}
}
